TN:
SF:src\components\createTaskBar\index.tsx
FN:7,CreateTaskBar
FN:12,handleCreateTask
FN:32,onChange
FNF:3
FNH:2
FNDA:3,CreateTaskBar
FNDA:1,handleCreateTask
FNDA:0,onChange
DA:1,1
DA:2,1
DA:3,1
DA:4,1
DA:5,1
DA:6,1
DA:7,1
DA:8,3
DA:9,3
DA:10,3
DA:11,3
DA:12,3
DA:13,1
DA:14,1
DA:15,0
DA:16,0
DA:17,0
DA:18,0
DA:19,0
DA:20,0
DA:21,0
DA:22,0
DA:23,0
DA:24,0
DA:25,1
DA:26,3
DA:27,3
DA:28,3
DA:29,3
DA:30,3
DA:31,3
DA:32,3
DA:33,3
DA:34,3
DA:35,3
DA:36,3
DA:37,3
DA:38,3
DA:39,3
DA:40,3
DA:41,3
DA:42,3
DA:43,3
DA:44,3
DA:45,3
DA:46,3
DA:47,3
DA:48,3
DA:49,3
DA:50,3
DA:51,3
DA:52,1
DA:53,1
DA:54,1
LF:54
LH:44
BRDA:7,0,0,3
BRDA:12,1,0,1
BRDA:14,2,0,0
BRF:3
BRH:2
end_of_record
TN:
SF:src\components\filterButton\index.tsx
FN:11,FilterButton
FN:15,handleClick
FN:26,onAuxClick
FNF:3
FNH:2
FNDA:7,FilterButton
FNDA:2,handleClick
FNDA:0,onAuxClick
DA:1,1
DA:2,1
DA:3,1
DA:4,1
DA:5,1
DA:6,1
DA:7,1
DA:8,1
DA:9,1
DA:10,1
DA:11,1
DA:12,7
DA:13,7
DA:14,7
DA:15,7
DA:16,2
DA:17,2
DA:18,1
DA:19,1
DA:20,2
DA:21,7
DA:22,7
DA:23,7
DA:24,7
DA:25,7
DA:26,7
DA:27,7
DA:28,7
DA:29,7
DA:30,7
DA:31,7
DA:32,7
DA:33,7
DA:34,7
DA:35,7
DA:36,7
DA:37,7
DA:38,7
DA:39,7
DA:40,7
DA:41,7
DA:42,7
DA:43,7
DA:44,7
DA:45,7
DA:46,7
DA:47,7
DA:48,7
DA:49,1
LF:49
LH:49
BRDA:11,0,0,7
BRDA:28,1,0,2
BRDA:28,2,0,5
BRDA:29,3,0,2
BRDA:29,4,0,5
BRDA:30,5,0,2
BRDA:30,6,0,5
BRDA:15,7,0,2
BRDA:17,8,0,1
BRF:9
BRH:9
end_of_record
TN:
SF:src\components\genericButton\index.tsx
FN:13,GenericButton
FNF:1
FNH:1
FNDA:10,GenericButton
DA:1,1
DA:2,1
DA:3,1
DA:4,1
DA:5,1
DA:6,1
DA:7,1
DA:8,1
DA:9,1
DA:10,1
DA:11,1
DA:12,1
DA:13,1
DA:14,10
DA:15,10
DA:16,10
DA:17,10
DA:18,10
DA:19,10
DA:20,10
DA:21,10
DA:22,10
DA:23,10
DA:24,10
DA:25,10
DA:26,10
DA:27,10
DA:28,10
DA:29,10
DA:30,1
LF:30
LH:30
BRDA:13,0,0,10
BRF:1
BRH:1
end_of_record
TN:
SF:src\components\header\index.tsx
FN:4,Header
FNF:1
FNH:1
FNDA:1,Header
DA:1,1
DA:2,1
DA:3,1
DA:4,1
DA:5,1
DA:6,1
DA:7,1
DA:8,1
DA:9,1
DA:10,1
DA:11,1
DA:12,1
DA:13,1
DA:14,1
DA:15,1
DA:16,1
DA:17,1
DA:18,1
DA:19,1
DA:20,1
DA:21,1
DA:22,1
DA:23,1
DA:24,1
DA:25,1
DA:26,1
DA:27,1
DA:28,1
DA:29,1
DA:30,1
DA:31,1
DA:32,1
DA:33,1
LF:33
LH:33
BRDA:4,0,0,1
BRF:1
BRH:1
end_of_record
TN:
SF:src\components\listTasks\index.tsx
FN:8,ListTasks
FNF:1
FNH:1
FNDA:2,ListTasks
DA:1,1
DA:2,1
DA:3,1
DA:4,1
DA:5,1
DA:6,1
DA:7,1
DA:8,1
DA:9,2
DA:10,2
DA:11,2
DA:12,2
DA:13,2
DA:14,2
DA:15,2
DA:16,1
LF:16
LH:16
BRDA:8,0,0,2
BRF:1
BRH:1
end_of_record
TN:
SF:src\components\onVoidModal\index.tsx
FN:9,OnVoidModal
FNF:1
FNH:1
FNDA:1,OnVoidModal
DA:1,1
DA:2,1
DA:3,1
DA:4,1
DA:5,1
DA:6,1
DA:7,1
DA:8,1
DA:9,1
DA:10,1
DA:11,1
DA:12,1
DA:13,1
DA:14,1
DA:15,1
DA:16,1
DA:17,1
DA:18,1
DA:19,1
DA:20,1
DA:21,1
DA:22,1
DA:23,1
LF:23
LH:23
BRDA:9,0,0,1
BRF:1
BRH:1
end_of_record
TN:
SF:src\components\searchBar\index.tsx
FN:14,SearchBar
FN:19,clearInput
FN:36,onFocus
FN:37,onBlur
FNF:4
FNH:2
FNDA:4,SearchBar
FNDA:1,clearInput
FNDA:0,onFocus
FNDA:0,onBlur
DA:1,1
DA:2,1
DA:3,1
DA:4,1
DA:5,1
DA:6,1
DA:7,1
DA:8,1
DA:9,1
DA:10,1
DA:11,1
DA:12,1
DA:13,1
DA:14,1
DA:15,4
DA:16,4
DA:17,4
DA:18,4
DA:19,4
DA:20,1
DA:21,1
DA:22,1
DA:23,1
DA:24,1
DA:25,4
DA:26,4
DA:27,4
DA:28,4
DA:29,4
DA:30,4
DA:31,4
DA:32,4
DA:33,4
DA:34,4
DA:35,4
DA:36,4
DA:37,4
DA:38,4
DA:39,4
DA:40,4
DA:41,4
DA:42,4
DA:43,4
DA:44,4
DA:45,4
DA:46,4
DA:47,4
DA:48,0
DA:49,0
DA:50,0
DA:51,0
DA:52,0
DA:53,0
DA:54,4
DA:55,4
DA:56,4
DA:57,4
DA:58,4
DA:59,4
DA:60,4
DA:61,4
DA:62,4
DA:63,4
DA:64,1
DA:65,1
DA:66,1
LF:66
LH:60
BRDA:14,0,0,4
BRDA:39,1,0,2
BRDA:47,2,0,0
BRDA:19,3,0,1
BRF:4
BRH:3
end_of_record
TN:
SF:src\components\taskItem\index.tsx
FN:11,TaskItem
FN:17,handleEditTask
FN:25,handleDeleteTask
FN:30,handleDoneTask
FN:43,onChange
FN:44,onFocus
FN:45,onKeyDown
FN:52,onClick
FN:63,onClick
FNF:9
FNH:3
FNDA:4,TaskItem
FNDA:1,handleEditTask
FNDA:0,handleDeleteTask
FNDA:0,handleDoneTask
FNDA:1,onChange
FNDA:0,onFocus
FNDA:0,onKeyDown
FNDA:0,onClick
FNDA:0,onClick
DA:1,1
DA:2,1
DA:3,1
DA:4,1
DA:5,1
DA:6,1
DA:7,1
DA:8,1
DA:9,1
DA:10,1
DA:11,1
DA:12,4
DA:13,4
DA:14,4
DA:15,4
DA:16,4
DA:17,4
DA:18,1
DA:19,1
DA:20,0
DA:21,1
DA:22,1
DA:23,1
DA:24,4
DA:25,4
DA:26,0
DA:27,0
DA:28,0
DA:29,4
DA:30,4
DA:31,0
DA:32,0
DA:33,0
DA:34,0
DA:35,0
DA:36,4
DA:37,4
DA:38,4
DA:39,4
DA:40,4
DA:41,4
DA:42,4
DA:43,4
DA:44,4
DA:45,4
DA:46,4
DA:47,4
DA:48,4
DA:49,4
DA:50,4
DA:51,4
DA:52,4
DA:53,4
DA:54,4
DA:55,4
DA:56,4
DA:57,4
DA:58,4
DA:59,4
DA:60,4
DA:61,4
DA:62,4
DA:63,4
DA:64,4
DA:65,4
DA:66,4
DA:67,4
DA:68,4
DA:69,4
DA:70,4
DA:71,4
DA:72,4
DA:73,4
DA:74,4
DA:75,4
DA:76,4
DA:77,4
DA:78,4
DA:79,1
LF:79
LH:70
BRDA:11,0,0,4
BRDA:42,1,0,0
BRDA:17,2,0,1
BRDA:43,3,0,1
BRF:4
BRH:3
end_of_record
TN:
SF:src\pages\home\index.tsx
FN:11,Home
FN:19,handleFilterTasks
FN:40,onChange
FN:46,onClick
FN:52,onClick
FNF:5
FNH:1
FNDA:1,Home
FNDA:0,handleFilterTasks
FNDA:0,onChange
FNDA:0,onClick
FNDA:0,onClick
DA:1,1
DA:2,1
DA:3,1
DA:4,1
DA:5,1
DA:6,1
DA:7,1
DA:8,1
DA:9,1
DA:10,1
DA:11,1
DA:12,1
DA:13,1
DA:14,1
DA:15,1
DA:16,1
DA:17,1
DA:18,1
DA:19,1
DA:20,0
DA:21,0
DA:22,0
DA:23,0
DA:24,0
DA:25,0
DA:26,0
DA:27,0
DA:28,1
DA:29,1
DA:30,1
DA:31,1
DA:32,1
DA:33,1
DA:34,1
DA:35,1
DA:36,1
DA:37,1
DA:38,1
DA:39,1
DA:40,1
DA:41,1
DA:42,1
DA:43,1
DA:44,1
DA:45,1
DA:46,1
DA:47,1
DA:48,1
DA:49,1
DA:50,1
DA:51,1
DA:52,1
DA:53,1
DA:54,1
DA:55,1
DA:56,1
DA:57,1
DA:58,1
DA:59,1
DA:60,1
DA:61,1
DA:62,1
DA:63,1
DA:64,1
DA:65,1
DA:66,1
DA:67,1
DA:68,0
DA:69,0
DA:70,0
DA:71,0
DA:72,1
DA:73,1
DA:74,1
DA:75,1
DA:76,1
DA:77,1
DA:78,1
DA:79,1
DA:80,1
DA:81,1
DA:82,1
DA:83,1
LF:83
LH:71
BRDA:11,0,0,1
BRF:1
BRH:1
end_of_record
TN:
SF:src\services\taskServices\TaskContext.tsx
FN:11,TaskContextProvider
FNF:1
FNH:1
FNDA:7,TaskContextProvider
DA:1,1
DA:2,1
DA:3,1
DA:4,1
DA:5,1
DA:6,1
DA:7,1
DA:8,1
DA:9,1
DA:10,1
DA:11,1
DA:12,7
DA:13,7
DA:14,7
DA:15,7
DA:16,7
DA:17,7
DA:18,7
DA:19,7
LF:19
LH:19
BRDA:11,0,0,7
BRF:1
BRH:1
end_of_record
TN:
SF:src\services\taskServices\UseTaskContext.ts
FN:4,useTaskContext
FNF:1
FNH:1
FNDA:9,useTaskContext
DA:1,1
DA:2,1
DA:3,1
DA:4,1
DA:5,9
DA:6,9
DA:7,0
DA:8,0
DA:9,8
DA:10,8
LF:10
LH:8
BRDA:4,0,0,9
BRDA:6,1,0,0
BRDA:8,2,0,8
BRF:3
BRH:2
end_of_record
TN:
SF:src\utils\GetCurrentDate\GetCurrentDate.ts
FN:1,formatCurrentDay
FN:5,getCurrentDate
FNF:2
FNH:2
FNDA:3,formatCurrentDay
FNDA:3,getCurrentDate
DA:1,1
DA:2,3
DA:3,3
DA:4,1
DA:5,1
DA:6,3
DA:7,3
DA:8,3
DA:9,3
DA:10,3
DA:11,3
DA:12,3
DA:13,3
DA:14,3
DA:15,3
DA:16,3
DA:17,3
LF:17
LH:17
BRDA:1,0,0,3
BRDA:2,1,0,0
BRDA:5,2,0,3
BRF:3
BRH:2
end_of_record
